2024-11-09 15:56:45|   0.0|  0.0|INFORM|Current FME version: FME 2024.0.1.0 (20240328 - Build 24202 - WIN64)
2024-11-09 15:56:45|   0.0|  0.0|INFORM|System Time: 20241109185645 UTC
2024-11-09 15:56:45|   0.0|  0.0|INFORM|FME_HOME is 'D:\Program Files\FME\2024\fme-form_202401-b24202\'
2024-11-09 15:56:45|   0.0|  0.0|INFORM|FME Form Fixed (node locked-crc)
2024-11-09 15:56:45|   0.0|  0.0|INFORM|Serial Number: SPP-J3F5-9WNJ-196W
2024-11-09 15:56:45|   0.0|  0.0|INFORM|Temporary License: 326 days left.
2024-11-09 15:56:45|   0.0|  0.0|INFORM|Machine host name is: DESKTOP-KGJ36Q2
2024-11-09 15:56:45|   0.0|  0.0|INFORM|OS Locale Name     : pt_BR
2024-11-09 15:56:45|   0.0|  0.0|INFORM|OS Locale Encoding : windows-1252
2024-11-09 15:56:45|   0.0|  0.0|INFORM|Process Encoding   : UTF-8
2024-11-09 15:56:45|   0.0|  0.0|INFORM|FME API version: '4.0 20240212'
2024-11-09 15:56:45|   0.0|  0.0|INFORM|FME Configuration: FME_BASE is 'no'
2024-11-09 15:56:45|   0.0|  0.0|INFORM|FME Configuration: FME_MF_DIR is 'D:\gitHub\SolutialTech\2024\11\quick-tips-fme-part2\3-relacionamento-invalido\3-workspace/'
2024-11-09 15:56:45|   0.0|  0.0|INFORM|FME Configuration: FME_MF_NAME is 'recorte-vetor.fmw'
2024-11-09 15:56:45|   0.0|  0.0|INFORM|FME Configuration: FME_PRODUCT_NAME is 'FME(R) 2024.0.1.0'
2024-11-09 15:56:45|   0.0|  0.0|INFORM|Operating System: Microsoft Windows 11 64-bit  (Build 22631)
2024-11-09 15:56:45|   0.0|  0.0|INFORM|FME Platform: WIN64
2024-11-09 15:56:45|   0.0|  0.0|INFORM|System Status: 16.11 GB of disk space available in the FME temporary folder (D:\fme_temp\wbrun_1731176620152_5932\fmetmp_8)
2024-11-09 15:56:45|   0.0|  0.0|INFORM|System Status: 15.74 GB of physical memory available
2024-11-09 15:56:45|   0.0|  0.0|INFORM|System Status: 62.98 GB of virtual memory available
2024-11-09 15:56:45|   0.0|  0.0|INFORM|START - ProcessID: 3020, peak process memory usage: 42120 kB, current process memory usage: 42120 kB
2024-11-09 15:56:45|   0.0|  0.0|INFORM|FME Configuration: Command line arguments are `D:\Program Files\FME\2024\fme-form_202401-b24202\fme.exe' `D:\gitHub\SolutialTech\2024\11\quick-tips-fme-part2\3-relacionamento-invalido\3-workspace\wb-xlate-1731178603975_5932' `LOG_STANDARDOUT' `YES' `LOG_TIMINGS' `YES' `LogCountServerName' `60492' `LOG_STANDARDOUT' `No' `WORKBENCH_LOG_SERVER' `60484'
2024-11-09 15:56:45|   0.0|  0.0|INFORM|FME Configuration: Connection Storage: 'C:\Users\thiago.brigagao\AppData\Roaming\Safe Software\FME\'
2024-11-09 15:56:45|   0.0|  0.0|INFORM|Shared folders for formats are : D:\Program Files\FME\2024\fme-form_202401-b24202\datasources;C:\Users\thiago.brigagao\AppData\Roaming\Safe Software\FME\FME Store\Formats;C:\Users\thiago.brigagao\Documents\FME\Formats
2024-11-09 15:56:45|   0.0|  0.0|INFORM|Shared folders for transformers are : C:\Users\thiago.brigagao\AppData\Roaming\Safe Software\FME\Packages\24202-win64\transformers;D:\Program Files\FME\2024\fme-form_202401-b24202\transformers;C:\Users\thiago.brigagao\AppData\Roaming\Safe Software\FME\FME Store\Transformers
2024-11-09 15:56:45|   0.0|  0.0|INFORM|Shared folders for coordinate systems are : C:\Users\thiago.brigagao\Documents\FME\CoordinateSystems
2024-11-09 15:56:45|   0.0|  0.0|INFORM|Shared folders for coordinate system exceptions are : C:\Users\thiago.brigagao\Documents\FME\CoordinateSystemExceptions
2024-11-09 15:56:45|   0.0|  0.0|INFORM|Shared folders for coordinate system grid overrides are : C:\Users\thiago.brigagao\Documents\FME\CoordinateSystemGridOverrides
2024-11-09 15:56:45|   0.0|  0.0|INFORM|Shared folders for CS-MAP transformation exceptions are : C:\Users\thiago.brigagao\Documents\FME\CsmapTransformationExceptions
2024-11-09 15:56:45|   0.0|  0.0|INFORM|Shared folders for transformer categories are : C:\Users\thiago.brigagao\Documents\FME\TransformerCategories
2024-11-09 15:56:45|   0.0|  0.0|INFORM|FME Configuration: Reader Keyword is `MULTI_READER'
2024-11-09 15:56:45|   0.0|  0.0|INFORM|FME Configuration: Writer Keyword is `PRIMARY_DEST'
2024-11-09 15:56:45|   0.0|  0.0|INFORM|FME Configuration: Writer Group Definition Keyword is `PRIMARY_DEST_DEF'
2024-11-09 15:56:45|   0.0|  0.0|INFORM|FME Configuration: Reader type is `MULTI_READER'
2024-11-09 15:56:45|   0.0|  0.0|INFORM|FME Configuration: Writer type is `MULTI_WRITER'
2024-11-09 15:56:45|   0.0|  0.0|INFORM|FME Configuration: No destination coordinate system set
2024-11-09 15:56:45|   0.0|  0.0|INFORM|FME Configuration: Current working folder is `D:\gitHub\SolutialTech\2024\11\quick-tips-fme-part2\3-relacionamento-invalido\3-workspace'
2024-11-09 15:56:45|   0.0|  0.0|INFORM|FME Configuration: Temporary folder is `D:\fme_temp\wbrun_1731176620152_5932\fmetmp_8', set from environment variable `FME_TEMP'
2024-11-09 15:56:45|   0.0|  0.0|INFORM|FME Configuration: Cache folder is 'D:\fme_temp'
2024-11-09 15:56:45|   0.0|  0.0|INFORM|FME Configuration: FME_HOME is `D:\Program Files\FME\2024\fme-form_202401-b24202\'
2024-11-09 15:56:45|   0.0|  0.0|INFORM|FME Configuration: Start freeing memory when the process exceeds 47.23 GB
2024-11-09 15:56:45|   0.0|  0.0|INFORM|FME Configuration: Stop freeing memory when the process is below 35.43 GB
2024-11-09 15:56:45|   0.0|  0.0|INFORM|Creating writer for format: 
2024-11-09 15:56:45|   0.0|  0.0|INFORM|Creating reader for format: 
2024-11-09 15:56:45|   0.0|  0.0|INFORM|MULTI_READER(MULTI_READER): Will fail with first member reader failure
2024-11-09 15:56:45|   0.0|  0.0|INFORM|Using Multi Reader with keyword `MULTI_READER' to read multiple datasets
2024-11-09 15:56:45|   0.0|  0.0|INFORM|Using MultiWriter with keyword `PRIMARY_DEST' to output data (ID_ATTRIBUTE is `multi_writer_id')
2024-11-09 15:56:45|   0.0|  0.0|INFORM|Writer output will be ordered by value of multi_writer_id
2024-11-09 15:56:45|   0.0|  0.0|INFORM|Loaded module 'LogCount_func' from file 'D:\Program Files\FME\2024\fme-form_202401-b24202\plugins/LogCount_func.dll'
2024-11-09 15:56:45|   0.0|  0.0|INFORM|FME API version of module 'LogCount_func' matches current internal version (4.0 20240212)
2024-11-09 15:56:45|   0.0|  0.0|INFORM|Emptying factory pipeline
2024-11-09 15:56:45|   0.0|  0.0|STATS |Router and Unexpected Input Remover (RoutingFactory): Tested 0 input feature(s), wrote 0 output feature(s): 0 matched merge filters, 0 were routed to output, 0 could not be routed.
2024-11-09 15:56:45|   0.0|  0.0|STATS |Unwanted Router Input Nuker (TeeFactory): Cloned 0 input feature(s) into 0 output feature(s)
2024-11-09 15:56:45|   0.0|  0.0|STATS |VancouverLandBoundary_SHAPEFILE_1 Splitter (TeeFactory): Cloned 0 input feature(s) into 0 output feature(s)
2024-11-09 15:56:45|   0.0|  0.0|STATS |BikePaths_L_SHAPEFILE_2 Splitter (TeeFactory): Cloned 0 input feature(s) into 0 output feature(s)
2024-11-09 15:56:45|   0.0|  0.0|STATS |BikePaths_M_SHAPEFILE_2 Splitter (TeeFactory): Cloned 0 input feature(s) into 0 output feature(s)
2024-11-09 15:56:45|   0.0|  0.0|STATS |BikePaths_S_SHAPEFILE_2 Splitter (TeeFactory): Cloned 0 input feature(s) into 0 output feature(s)
2024-11-09 15:56:45|   0.1|  0.1|STATS |Restoring 28 feature(s) from FME feature store file `D:\fme_temp\wb-cache--TzEwkf\Main_AttributeManager_2 -1 16 fo 0 OUTPUT  0  8138191152ca131fd5abefdd2631cb87ccc9dfd7.ffs'
2024-11-09 15:56:45|   0.1|  0.0|STATS |Restoring 1046 feature(s) from FME feature store file `D:\fme_temp\wb-cache--TzEwkf\Main_AttributeManager -1 13 fo 0 OUTPUT  0  dcf919eb180dcef1e44b885b99098960ca75753c.ffs'
2024-11-09 15:56:45|   0.1|  0.0|INFORM|Creating writer for format: OGC / Google KML
2024-11-09 15:56:45|   0.1|  0.0|INFORM|Trying to find a DYNAMIC plugin for writer named `OGCKML'
2024-11-09 15:56:45|   0.1|  0.0|INFORM|Loaded module 'OGCKML' from file 'D:\Program Files\FME\2024\fme-form_202401-b24202\plugins/KML21.dll'
2024-11-09 15:56:45|   0.1|  0.0|INFORM|FME API version of module 'KML21' matches current internal version (4.0 20240212)
2024-11-09 15:56:45|   0.1|  0.0|INFORM|FME Configuration: No destination coordinate system set
2024-11-09 15:56:45|   0.1|  0.0|INFORM|Writer `OGCKML_1' of type `OGCKML' using group definition keyword `OGCKML_1_DEF'
2024-11-09 15:56:45|   0.3|  0.2|INFORM|KML: Initializing KML21 preferences...
2024-11-09 15:56:45|   0.3|  0.0|INFORM|KML: Initializing dataset `D:\gitHub\SolutialTech\2024\11\quick-tips-fme-part2\3-relacionamento-invalido\3-workspace\output.kml'...
2024-11-09 15:56:45|   0.3|  0.0|INFORM|KML: Created `500' KML nodes.
2024-11-09 15:56:45|   0.3|  0.0|INFORM|KML: Created `1000' KML nodes.
2024-11-09 15:56:45|   0.3|  0.0|STATS |KMLStyler (TeeFactory): Cloned 28 input feature(s) into 28 output feature(s)
2024-11-09 15:56:45|   0.3|  0.0|STATS |Destination Feature Type Routing Correlator (RoutingFactory): Tested 1074 input feature(s), wrote 1074 output feature(s): 0 matched merge filters, 1074 were routed to output, 0 could not be routed.
2024-11-09 15:56:45|   0.3|  0.0|STATS |Final Output Nuker (TeeFactory): Cloned 0 input feature(s) into 0 output feature(s)
2024-11-09 15:56:45|   0.3|  0.0|INFORM|KML: Writing dataset to filesystem...
2024-11-09 15:56:45|   0.3|  0.0|INFORM|FME Configuration: Using FME Reprojection Engine
2024-11-09 15:56:45|   0.3|  0.0|INFORM|CS-MAP Reprojector: Transformation will be automatically selected for 'UTM83-10' -> 'LL-WGS84', and is not guaranteed to remain the same in future releases of FME
2024-11-09 15:56:45|   0.3|  0.0|INFORM|Reprojector: Using transformation `NAD83_to_WGS84,Forward(Null,EPSG:1188)' when reprojecting from UTM83-10 to LL-WGS84
2024-11-09 15:56:45|   0.3|  0.0|INFORM|KML: Finished writing dataset to filesystem
2024-11-09 15:56:45|   0.3|  0.0|INFORM|=-=-=-=-=-=-=-=-=-=-=-=-=-=-=-=-=-=-=-=-=-=-=-=-=-=-=-=-=-=-=-=-=-=-=-=-=-=-=-
2024-11-09 15:56:45|   0.3|  0.0|INFORM|Feature output statistics for `OGCKML' writer using keyword `OGCKML_1':
2024-11-09 15:56:45|   0.3|  0.0|STATS |=-=-=-=-=-=-=-=-=-=-=-=-=-=-=-=-=-=-=-=-=-=-=-=-=-=-=-=-=-=-=-=-=-=-=-=-=-=-=-
2024-11-09 15:56:45|   0.3|  0.0|STATS |                               Features Written
2024-11-09 15:56:45|   0.3|  0.0|STATS |=-=-=-=-=-=-=-=-=-=-=-=-=-=-=-=-=-=-=-=-=-=-=-=-=-=-=-=-=-=-=-=-=-=-=-=-=-=-=-
2024-11-09 15:56:45|   0.3|  0.0|STATS |ciclovia_verificar                                                          28
2024-11-09 15:56:45|   0.3|  0.0|STATS |ciclovias_ok                                                              1046
2024-11-09 15:56:45|   0.3|  0.0|STATS |==============================================================================
2024-11-09 15:56:45|   0.3|  0.0|STATS |Total Features Written                                                    1074
2024-11-09 15:56:45|   0.3|  0.0|STATS |=-=-=-=-=-=-=-=-=-=-=-=-=-=-=-=-=-=-=-=-=-=-=-=-=-=-=-=-=-=-=-=-=-=-=-=-=-=-=-
2024-11-09 15:56:45|   0.3|  0.0|STATS |=-=-=-=-=-=-=-=-=-=-=-=-=-=-=-=-=-=-=-=-=-=-=-=-=-=-=-=-=-=-=-=-=-=-=-=-=-=-=-
2024-11-09 15:56:45|   0.3|  0.0|STATS |                            Features Read Summary
2024-11-09 15:56:45|   0.3|  0.0|STATS |=-=-=-=-=-=-=-=-=-=-=-=-=-=-=-=-=-=-=-=-=-=-=-=-=-=-=-=-=-=-=-=-=-=-=-=-=-=-=-
2024-11-09 15:56:45|   0.3|  0.0|STATS |==============================================================================
2024-11-09 15:56:45|   0.3|  0.0|STATS |Total Features Read                                                          0
2024-11-09 15:56:45|   0.3|  0.0|STATS |=-=-=-=-=-=-=-=-=-=-=-=-=-=-=-=-=-=-=-=-=-=-=-=-=-=-=-=-=-=-=-=-=-=-=-=-=-=-=-
2024-11-09 15:56:45|   0.3|  0.0|STATS |=-=-=-=-=-=-=-=-=-=-=-=-=-=-=-=-=-=-=-=-=-=-=-=-=-=-=-=-=-=-=-=-=-=-=-=-=-=-=-
2024-11-09 15:56:45|   0.3|  0.0|STATS |                           Features Written Summary
2024-11-09 15:56:45|   0.3|  0.0|STATS |=-=-=-=-=-=-=-=-=-=-=-=-=-=-=-=-=-=-=-=-=-=-=-=-=-=-=-=-=-=-=-=-=-=-=-=-=-=-=-
2024-11-09 15:56:45|   0.3|  0.0|STATS |ciclovia_verificar                                                          28
2024-11-09 15:56:45|   0.3|  0.0|STATS |ciclovias_ok                                                              1046
2024-11-09 15:56:45|   0.3|  0.0|STATS |==============================================================================
2024-11-09 15:56:45|   0.3|  0.0|STATS |Total Features Written                                                    1074
2024-11-09 15:56:45|   0.3|  0.0|STATS |=-=-=-=-=-=-=-=-=-=-=-=-=-=-=-=-=-=-=-=-=-=-=-=-=-=-=-=-=-=-=-=-=-=-=-=-=-=-=-
2024-11-09 15:56:45|   0.3|  0.0|WARN  |-~-~-~-~-~-~-~-~-~-~-~-~-~-~-~-~-~-~-~-~-~-~-~-~-~-~-~-~-~-~-~-~-~-~-~-~-~-~-~-~-
2024-11-09 15:56:45|   0.3|  0.0|WARN  |-~                                                                             ~-
2024-11-09 15:56:45|   0.3|  0.0|WARN  |-~    Feature caches have been recorded at every stage of the translation.     ~-
2024-11-09 15:56:45|   0.3|  0.0|WARN  |-~                      To inspect the recorded features,                      ~-
2024-11-09 15:56:45|   0.3|  0.0|WARN  |-~              click the feature cache icons next to the ports.               ~-
2024-11-09 15:56:45|   0.3|  0.0|WARN  |-~                                                                             ~-
2024-11-09 15:56:45|   0.3|  0.0|WARN  |-~-~-~-~-~-~-~-~-~-~-~-~-~-~-~-~-~-~-~-~-~-~-~-~-~-~-~-~-~-~-~-~-~-~-~-~-~-~-~-~-
2024-11-09 15:56:45|   0.3|  0.0|INFORM|Translation was SUCCESSFUL with 7 warning(s) (1074 feature(s) output)
2024-11-09 15:56:45|   0.3|  0.0|INFORM|FME Session Duration: 0.7 seconds. (CPU: 0.2s user, 0.1s system)
2024-11-09 15:56:45|   0.3|  0.0|INFORM|END - ProcessID: 3020, peak process memory usage: 56620 kB, current process memory usage: 56100 kB
